
ROM used:   1167/2048 (57%)
            1167/2048 (57%) including unused fragments

            1.9 Average locations per line
            19.8 Average locations per statement

RAM used:   11/224 (5%) at main() level
            26/224 (12%) worst case

Stack used: 1 worst case (1 in main + 0 for interrupts)
Stack size: 8

Lines Stmts  %   Files
----- ----- ---  -----
   90    59 100  PWM_16F628A.c
  521     0   0  D:\Dev\PICC\devices\16F628A.h
----- -----
  611    59 Total

Page ROM  %  RAM    Vol Diff  Functions:
---- --- --- ---    --- ----  ----------
0     20   2    1             @delay_ms1
0    611  52    1   2260  7.8  main
0    117  10   13             @MULFF
0     31   3    4             @SFTOI
0     63   5   10             @FLT
0    321  28   16             @ADDFF
 Inline         0             @cinit1

Program metrics:
    Functions               1
    Statements              59
    Comments                106
    Volume (V)              2276
    Difficulty (D)          7.5
    Effort to implement (E) 17110
    Time to implement (T)   16 minutes
    Est Delivered Bugs (B)  0
    Cyclomatic Complexity   11
    Maintainability (MI)    50

 Segment     Used  Free
-----------  ----  ----
00000-00003     4  0  
00004-007FF  1163  881  



